<?xml version="1.0" encoding="UTF-8"?>
<!-- Generated by org.testng.reporters.JUnitReportReporter -->
<testsuite name="SeleniumTests.PlayListTestsNew" tests="4" time="33.820" ignored="2" failures="0" timestamp="04 Jul 2020 05:25:57 GMT" skipped="0" hostname="dream" errors="0">
  <testcase name="createPlayList_PlayListCreated2" time="8.156" classname="SeleniumTests.PlayListTestsNew"/>
  <testcase name="renamePlayList_PlayListCreated2" time="9.484" classname="SeleniumTests.PlayListTestsNew"/>
  <testcase name="createPlayList_PlayListCreated3" time="7.984" classname="SeleniumTests.PlayListTestsNew"/>
  <testcase name="renamePlayList_PlayListCreated3" time="8.196" classname="SeleniumTests.PlayListTestsNew"/>
  <testcase name="ticketPriceCalculator" classname="SeleniumTests.LoginTest">
    <skipped/>
  </testcase> <!-- ticketPriceCalculator -->
  <testcase name="renamePlayList_PlayListCreated1" classname="SeleniumTests.PlayListTests">
    <skipped/>
  </testcase> <!-- renamePlayList_PlayListCreated1 -->
</testsuite> <!-- SeleniumTests.PlayListTestsNew -->
