<?xml version="1.0" encoding="UTF-8"?>
<!-- Generated by org.testng.reporters.JUnitReportReporter -->
<testsuite name="SeleniumTests.PlayListTests" tests="3" time="25.523" ignored="2" failures="0" timestamp="04 Jul 2020 05:25:57 GMT" skipped="0" hostname="dream" errors="0">
  <testcase name="createPlayList_PlayListCreated" time="8.009" classname="SeleniumTests.PlayListTests"/>
  <testcase name="createPlayList_PlayListCreated1" time="9.268" classname="SeleniumTests.PlayListTests"/>
  <testcase name="renamePlayList_PlayListCreated" time="8.246" classname="SeleniumTests.PlayListTests"/>
  <testcase name="ticketPriceCalculator" classname="SeleniumTests.LoginTest">
    <skipped/>
  </testcase> <!-- ticketPriceCalculator -->
  <testcase name="renamePlayList_PlayListCreated1" classname="SeleniumTests.PlayListTests">
    <skipped/>
  </testcase> <!-- renamePlayList_PlayListCreated1 -->
</testsuite> <!-- SeleniumTests.PlayListTests -->
