<?xml version="1.0" encoding="UTF-8"?>
<!-- Generated by org.testng.reporters.JUnitReportReporter -->
<testsuite name="SeleniumTests.PlayListTestsNew" tests="4" time="28.429" ignored="2" failures="0" timestamp="10 Jul 2020 01:13:32 GMT" skipped="0" hostname="dream" errors="0">
  <testcase name="createPlayList_PlayListCreated3" time="7.072" classname="SeleniumTests.PlayListTestsNew"/>
  <testcase name="renamePlayList_PlayListCreated2" time="8.796" classname="SeleniumTests.PlayListTestsNew"/>
  <testcase name="renamePlayList_PlayListCreated3" time="5.936" classname="SeleniumTests.PlayListTestsNew"/>
  <testcase name="createPlayList_PlayListCreated2" time="6.625" classname="SeleniumTests.PlayListTestsNew"/>
  <testcase name="renamePlayList_PlayListCreated1" classname="SeleniumTests.PlayListTests">
    <skipped/>
  </testcase> <!-- renamePlayList_PlayListCreated1 -->
  <testcase name="ticketPriceCalculator" classname="SeleniumTests.LoginTest">
    <skipped/>
  </testcase> <!-- ticketPriceCalculator -->
</testsuite> <!-- SeleniumTests.PlayListTestsNew -->
