<?xml version="1.0" encoding="UTF-8"?>
<!-- Generated by org.testng.reporters.JUnitReportReporter -->
<testsuite name="SeleniumTests.LoginTest" tests="5" time="25.798" ignored="2" failures="0" timestamp="10 Jul 2020 22:36:36 GMT" skipped="0" hostname="dream" errors="0">
  <testcase name="loginTestCorrectCredentialsLoggedToApp4" time="5.143" classname="SeleniumTests.LoginTest"/>
  <testcase name="loginTestCorrectCredentialsLoggedToApp1" time="4.533" classname="SeleniumTests.LoginTest"/>
  <testcase name="loginTestCorrectCredentialsLoggedToApp3" time="6.450" classname="SeleniumTests.LoginTest"/>
  <testcase name="loginTestCorrectCredentialsLoggedToApp" time="4.742" classname="SeleniumTests.LoginTest"/>
  <testcase name="loginTestCorrectCredentialsLoggedToApp2" time="4.930" classname="SeleniumTests.LoginTest"/>
  <testcase name="ticketPriceCalculator" classname="SeleniumTests.LoginTest">
    <skipped/>
  </testcase> <!-- ticketPriceCalculator -->
  <testcase name="renamePlayList_PlayListCreated1" classname="SeleniumTests.PlayListTests">
    <skipped/>
  </testcase> <!-- renamePlayList_PlayListCreated1 -->
</testsuite> <!-- SeleniumTests.LoginTest -->
