<?xml version="1.0" encoding="UTF-8"?>
<!-- Generated by org.testng.reporters.JUnitReportReporter -->
<testsuite name="SeleniumTests.LoginTest" tests="5" time="32.726" ignored="2" failures="0" timestamp="02 Jul 2020 00:21:39 GMT" skipped="0" hostname="dream" errors="0">
  <testcase name="loginTestCorrectCredentialsLoggedToApp" time="6.339" classname="SeleniumTests.LoginTest"/>
  <testcase name="loginTestCorrectCredentialsLoggedToApp2" time="6.169" classname="SeleniumTests.LoginTest"/>
  <testcase name="loginTestCorrectCredentialsLoggedToApp1" time="7.179" classname="SeleniumTests.LoginTest"/>
  <testcase name="loginTestCorrectCredentialsLoggedToApp3" time="6.659" classname="SeleniumTests.LoginTest"/>
  <testcase name="loginTestCorrectCredentialsLoggedToApp4" time="6.380" classname="SeleniumTests.LoginTest"/>
  <testcase name="renamePlayList_PlayListCreated1" classname="SeleniumTests.PlayListTestsNew">
    <skipped/>
  </testcase> <!-- renamePlayList_PlayListCreated1 -->
  <testcase name="renamePlayList_PlayListCreated1" classname="SeleniumTests.PlayListTests">
    <skipped/>
  </testcase> <!-- renamePlayList_PlayListCreated1 -->
</testsuite> <!-- SeleniumTests.LoginTest -->
