<?xml version="1.0" encoding="UTF-8"?>
<!-- Generated by org.testng.reporters.JUnitReportReporter -->
<testsuite name="SeleniumTests.LoginTest" tests="5" time="37.856" ignored="2" failures="0" timestamp="04 Jul 2020 04:51:07 GMT" skipped="0" hostname="dream" errors="0">
  <testcase name="loginTestCorrectCredentialsLoggedToApp" time="7.108" classname="SeleniumTests.LoginTest"/>
  <testcase name="loginTestCorrectCredentialsLoggedToApp1" time="7.368" classname="SeleniumTests.LoginTest"/>
  <testcase name="loginTestCorrectCredentialsLoggedToApp4" time="8.317" classname="SeleniumTests.LoginTest"/>
  <testcase name="loginTestCorrectCredentialsLoggedToApp2" time="7.573" classname="SeleniumTests.LoginTest"/>
  <testcase name="loginTestCorrectCredentialsLoggedToApp3" time="7.490" classname="SeleniumTests.LoginTest"/>
  <testcase name="ticketPriceCalculator" classname="SeleniumTests.LoginTest">
    <skipped/>
  </testcase> <!-- ticketPriceCalculator -->
  <testcase name="renamePlayList_PlayListCreated1" classname="SeleniumTests.PlayListTests">
    <skipped/>
  </testcase> <!-- renamePlayList_PlayListCreated1 -->
</testsuite> <!-- SeleniumTests.LoginTest -->
