<?xml version="1.0" encoding="UTF-8"?>
<!-- Generated by org.testng.reporters.JUnitReportReporter -->
<testsuite name="SeleniumTests.LoginTest" tests="5" time="51.424" ignored="2" failures="0" timestamp="02 Jul 2020 01:04:33 GMT" skipped="0" hostname="dream" errors="0">
  <testcase name="loginTestCorrectCredentialsLoggedToApp2" time="10.588" classname="SeleniumTests.LoginTest"/>
  <testcase name="loginTestCorrectCredentialsLoggedToApp3" time="11.476" classname="SeleniumTests.LoginTest"/>
  <testcase name="loginTestCorrectCredentialsLoggedToApp" time="10.917" classname="SeleniumTests.LoginTest"/>
  <testcase name="loginTestCorrectCredentialsLoggedToApp1" time="9.792" classname="SeleniumTests.LoginTest"/>
  <testcase name="loginTestCorrectCredentialsLoggedToApp4" time="8.651" classname="SeleniumTests.LoginTest"/>
  <testcase name="renamePlayList_PlayListCreated1" classname="SeleniumTests.PlayListTestsNew">
    <skipped/>
  </testcase> <!-- renamePlayList_PlayListCreated1 -->
  <testcase name="renamePlayList_PlayListCreated1" classname="SeleniumTests.PlayListTests">
    <skipped/>
  </testcase> <!-- renamePlayList_PlayListCreated1 -->
</testsuite> <!-- SeleniumTests.LoginTest -->
