<?xml version="1.0" encoding="UTF-8"?>
<!-- Generated by org.testng.reporters.JUnitReportReporter -->
<testsuite name="SeleniumTests.PlayListTests" tests="3" time="24.156" ignored="2" failures="0" timestamp="10 Jul 2020 22:36:36 GMT" skipped="0" hostname="dream" errors="0">
  <testcase name="renamePlayList_PlayListCreated" time="9.651" classname="SeleniumTests.PlayListTests"/>
  <testcase name="createPlayList_PlayListCreated" time="7.892" classname="SeleniumTests.PlayListTests"/>
  <testcase name="createPlayList_PlayListCreated1" time="6.613" classname="SeleniumTests.PlayListTests"/>
  <testcase name="ticketPriceCalculator" classname="SeleniumTests.LoginTest">
    <skipped/>
  </testcase> <!-- ticketPriceCalculator -->
  <testcase name="renamePlayList_PlayListCreated1" classname="SeleniumTests.PlayListTests">
    <skipped/>
  </testcase> <!-- renamePlayList_PlayListCreated1 -->
</testsuite> <!-- SeleniumTests.PlayListTests -->
