<?xml version="1.0" encoding="UTF-8"?>
<!-- Generated by org.testng.reporters.JUnitReportReporter -->
<testsuite name="SeleniumTests.PlayListTests" tests="3" time="37.212" ignored="1" failures="0" timestamp="03 Jul 2020 03:50:27 GMT" skipped="0" hostname="dream" errors="0">
  <testcase name="createPlayList_PlayListCreated" time="11.342" classname="SeleniumTests.PlayListTests"/>
  <testcase name="renamePlayList_PlayListCreated" time="13.232" classname="SeleniumTests.PlayListTests"/>
  <testcase name="createPlayList_PlayListCreated1" time="12.638" classname="SeleniumTests.PlayListTests"/>
  <testcase name="renamePlayList_PlayListCreated1" classname="SeleniumTests.PlayListTests">
    <skipped/>
  </testcase> <!-- renamePlayList_PlayListCreated1 -->
</testsuite> <!-- SeleniumTests.PlayListTests -->
