<?xml version="1.0" encoding="UTF-8"?>
<!-- Generated by org.testng.reporters.JUnitReportReporter -->
<testsuite name="SeleniumTests.PlayListTests" tests="3" time="22.192" ignored="2" failures="0" timestamp="10 Jul 2020 01:13:32 GMT" skipped="0" hostname="dream" errors="0">
  <testcase name="createPlayList_PlayListCreated" time="7.268" classname="SeleniumTests.PlayListTests"/>
  <testcase name="renamePlayList_PlayListCreated" time="7.149" classname="SeleniumTests.PlayListTests"/>
  <testcase name="createPlayList_PlayListCreated1" time="7.775" classname="SeleniumTests.PlayListTests"/>
  <testcase name="renamePlayList_PlayListCreated1" classname="SeleniumTests.PlayListTests">
    <skipped/>
  </testcase> <!-- renamePlayList_PlayListCreated1 -->
  <testcase name="ticketPriceCalculator" classname="SeleniumTests.LoginTest">
    <skipped/>
  </testcase> <!-- ticketPriceCalculator -->
</testsuite> <!-- SeleniumTests.PlayListTests -->
