<?xml version="1.0" encoding="UTF-8"?>
<!-- Generated by org.testng.reporters.JUnitReportReporter -->
<testsuite name="SeleniumTests.PlayListTests" tests="3" time="25.693" ignored="2" failures="0" timestamp="08 Jul 2020 23:51:14 GMT" skipped="0" hostname="dream" errors="0">
  <testcase name="renamePlayList_PlayListCreated" time="7.929" classname="SeleniumTests.PlayListTests"/>
  <testcase name="createPlayList_PlayListCreated" time="9.380" classname="SeleniumTests.PlayListTests"/>
  <testcase name="createPlayList_PlayListCreated1" time="8.384" classname="SeleniumTests.PlayListTests"/>
  <testcase name="renamePlayList_PlayListCreated1" classname="SeleniumTests.PlayListTests">
    <skipped/>
  </testcase> <!-- renamePlayList_PlayListCreated1 -->
  <testcase name="ticketPriceCalculator" classname="SeleniumTests.LoginTest">
    <skipped/>
  </testcase> <!-- ticketPriceCalculator -->
</testsuite> <!-- SeleniumTests.PlayListTests -->
