<?xml version="1.0" encoding="UTF-8"?>
<!-- Generated by org.testng.reporters.JUnitReportReporter -->
<testsuite name="SeleniumTests.LoginTestNew" tests="5" time="31.686" ignored="2" failures="0" timestamp="08 Jul 2020 23:51:14 GMT" skipped="0" hostname="dream" errors="0">
  <testcase name="loginTestCorrectCredentialsLoggedToApp6" time="5.830" classname="SeleniumTests.LoginTestNew"/>
  <testcase name="loginTestCorrectCredentialsLoggedToApp9" time="6.146" classname="SeleniumTests.LoginTestNew"/>
  <testcase name="loginTestCorrectCredentialsLoggedToApp5" time="6.265" classname="SeleniumTests.LoginTestNew"/>
  <testcase name="loginTestCorrectCredentialsLoggedToApp7" time="7.066" classname="SeleniumTests.LoginTestNew"/>
  <testcase name="loginTestCorrectCredentialsLoggedToApp8" time="6.379" classname="SeleniumTests.LoginTestNew"/>
  <testcase name="renamePlayList_PlayListCreated1" classname="SeleniumTests.PlayListTests">
    <skipped/>
  </testcase> <!-- renamePlayList_PlayListCreated1 -->
  <testcase name="ticketPriceCalculator" classname="SeleniumTests.LoginTest">
    <skipped/>
  </testcase> <!-- ticketPriceCalculator -->
</testsuite> <!-- SeleniumTests.LoginTestNew -->
