<?xml version="1.0" encoding="UTF-8"?>
<!-- Generated by org.testng.reporters.JUnitReportReporter -->
<testsuite name="SeleniumTests.PlayListTestsNew" tests="4" time="47.001" ignored="1" failures="0" timestamp="03 Jul 2020 03:56:07 GMT" skipped="0" hostname="dream" errors="0">
  <testcase name="renamePlayList_PlayListCreated2" time="13.025" classname="SeleniumTests.PlayListTestsNew"/>
  <testcase name="createPlayList_PlayListCreated2" time="10.894" classname="SeleniumTests.PlayListTestsNew"/>
  <testcase name="renamePlayList_PlayListCreated3" time="13.002" classname="SeleniumTests.PlayListTestsNew"/>
  <testcase name="createPlayList_PlayListCreated3" time="10.080" classname="SeleniumTests.PlayListTestsNew"/>
  <testcase name="renamePlayList_PlayListCreated1" classname="SeleniumTests.PlayListTests">
    <skipped/>
  </testcase> <!-- renamePlayList_PlayListCreated1 -->
</testsuite> <!-- SeleniumTests.PlayListTestsNew -->
