<?xml version="1.0" encoding="UTF-8"?>
<!-- Generated by org.testng.reporters.JUnitReportReporter -->
<testsuite name="SeleniumTests.PlayListTests" tests="3" time="16.730" ignored="2" failures="0" timestamp="11 Jul 2020 02:33:35 GMT" skipped="0" hostname="dream" errors="0">
  <testcase name="renamePlayList_PlayListCreated" time="6.103" classname="SeleniumTests.PlayListTests"/>
  <testcase name="createPlayList_PlayListCreated1" time="5.736" classname="SeleniumTests.PlayListTests"/>
  <testcase name="createPlayList_PlayListCreated" time="4.891" classname="SeleniumTests.PlayListTests"/>
  <testcase name="renamePlayList_PlayListCreated1" classname="SeleniumTests.PlayListTests">
    <skipped/>
  </testcase> <!-- renamePlayList_PlayListCreated1 -->
  <testcase name="ticketPriceCalculator" classname="SeleniumTests.LoginTest">
    <skipped/>
  </testcase> <!-- ticketPriceCalculator -->
</testsuite> <!-- SeleniumTests.PlayListTests -->
