<?xml version="1.0" encoding="UTF-8"?>
<!-- Generated by org.testng.reporters.JUnitReportReporter -->
<testsuite name="SeleniumTests.PlayListTestsNew" tests="4" time="21.457" ignored="2" failures="0" timestamp="11 Jul 2020 02:33:35 GMT" skipped="0" hostname="dream" errors="0">
  <testcase name="createPlayList_PlayListCreated2" time="4.533" classname="SeleniumTests.PlayListTestsNew"/>
  <testcase name="renamePlayList_PlayListCreated2" time="6.377" classname="SeleniumTests.PlayListTestsNew"/>
  <testcase name="renamePlayList_PlayListCreated3" time="5.536" classname="SeleniumTests.PlayListTestsNew"/>
  <testcase name="createPlayList_PlayListCreated3" time="5.011" classname="SeleniumTests.PlayListTestsNew"/>
  <testcase name="renamePlayList_PlayListCreated1" classname="SeleniumTests.PlayListTests">
    <skipped/>
  </testcase> <!-- renamePlayList_PlayListCreated1 -->
  <testcase name="ticketPriceCalculator" classname="SeleniumTests.LoginTest">
    <skipped/>
  </testcase> <!-- ticketPriceCalculator -->
</testsuite> <!-- SeleniumTests.PlayListTestsNew -->
